<?xml version="1.0" encoding="UTF-8"?>
<testsuite name="edu.xu.tasks.TasksApplicationTests" tests="1" skipped="0" failures="0" errors="0" timestamp="2023-05-08T07:14:32" hostname="10-252-180-129.student.trincoll.edu" time="0.526">
  <properties/>
  <testcase name="contextLoads()" classname="edu.xu.tasks.TasksApplicationTests" time="0.526"/>
  <system-out><![CDATA[03:14:29.344 [Test worker] DEBUG org.springframework.boot.test.context.SpringBootTestContextBootstrapper -- Neither @ContextConfiguration nor @ContextHierarchy found for test class [TasksApplicationTests]: using SpringBootContextLoader
03:14:29.354 [Test worker] DEBUG org.springframework.test.context.support.AbstractContextLoader -- Could not detect default resource locations for test class [edu.xu.tasks.TasksApplicationTests]: no resource found for suffixes {-context.xml, Context.groovy}.
03:14:29.355 [Test worker] INFO org.springframework.test.context.support.AnnotationConfigContextLoaderUtils -- Could not detect default configuration classes for test class [edu.xu.tasks.TasksApplicationTests]: TasksApplicationTests does not declare any static, non-private, non-final, nested classes annotated with @Configuration.
03:14:29.379 [Test worker] DEBUG org.springframework.boot.test.context.SpringBootTestContextBootstrapper -- Using ContextCustomizers for test class [TasksApplicationTests]: [DisableObservabilityContextCustomizer, PropertyMappingContextCustomizer, Customizer, ExcludeFilterContextCustomizer, DuplicateJsonObjectContextCustomizer, MockitoContextCustomizer, TestRestTemplateContextCustomizer]
03:14:29.483 [Test worker] DEBUG org.springframework.context.annotation.ClassPathScanningCandidateComponentProvider -- Identified candidate component class: file [/Users/xinyixu/Documents/GitHub/cloud-todolist/tasks/build/classes/java/main/edu/xu/tasks/TasksApplication.class]
03:14:29.486 [Test worker] INFO org.springframework.boot.test.context.SpringBootTestContextBootstrapper -- Found @SpringBootConfiguration edu.xu.tasks.TasksApplication for test class edu.xu.tasks.TasksApplicationTests
03:14:29.603 [Test worker] DEBUG org.springframework.test.context.util.TestContextSpringFactoriesUtils -- Skipping candidate TestExecutionListener [org.springframework.test.context.transaction.TransactionalTestExecutionListener] due to a missing dependency. Specify custom TestExecutionListener classes or make the default TestExecutionListener classes and their required dependencies available. Offending class: [org/springframework/transaction/interceptor/TransactionAttributeSource]
03:14:29.604 [Test worker] DEBUG org.springframework.test.context.util.TestContextSpringFactoriesUtils -- Skipping candidate TestExecutionListener [org.springframework.test.context.jdbc.SqlScriptsTestExecutionListener] due to a missing dependency. Specify custom TestExecutionListener classes or make the default TestExecutionListener classes and their required dependencies available. Offending class: [org/springframework/transaction/interceptor/TransactionAttribute]
03:14:29.607 [Test worker] DEBUG org.springframework.boot.test.context.SpringBootTestContextBootstrapper -- Using TestExecutionListeners for test class [TasksApplicationTests]: [ServletTestExecutionListener, DirtiesContextBeforeModesTestExecutionListener, ApplicationEventsTestExecutionListener, MockitoTestExecutionListener, DependencyInjectionTestExecutionListener, DirtiesContextTestExecutionListener, EventPublishingTestExecutionListener, RestDocsTestExecutionListener, MockRestServiceServerResetTestExecutionListener, MockMvcPrintOnlyOnFailureTestExecutionListener, WebDriverTestExecutionListener, MockWebServiceServerTestExecutionListener, ResetMocksTestExecutionListener]
03:14:29.609 [Test worker] DEBUG org.springframework.test.context.support.AbstractDirtiesContextTestExecutionListener -- Before test class: class [TasksApplicationTests], class annotated with @DirtiesContext [false] with mode [null]

  .   ____          _            __ _ _
 /\\ / ___'_ __ _ _(_)_ __  __ _ \ \ \ \
( ( )\___ | '_ | '_| | '_ \/ _` | \ \ \ \
 \\/  ___)| |_)| | | | | || (_| |  ) ) ) )
  '  |____| .__|_| |_|_| |_\__, | / / / /
 =========|_|==============|___/=/_/_/_/
 :: Spring Boot ::                (v3.0.6)

2023-05-08T03:14:29.998-04:00  INFO 56302 --- [    Test worker] edu.xu.tasks.TasksApplicationTests       : Starting TasksApplicationTests using Java 19.0.2 with PID 56302 (started by xinyixu in /Users/xinyixu/Documents/GitHub/cloud-todolist/tasks)
2023-05-08T03:14:30.001-04:00  INFO 56302 --- [    Test worker] edu.xu.tasks.TasksApplicationTests       : No active profile set, falling back to 1 default profile: "default"
2023-05-08T03:14:32.186-04:00  INFO 56302 --- [    Test worker] edu.xu.tasks.TasksApplicationTests       : Started TasksApplicationTests in 2.526 seconds (process running for 4.196)
]]></system-out>
  <system-err><![CDATA[]]></system-err>
</testsuite>
