<?xml version="1.0" encoding="UTF-8"?>
<testsuite name="edu.xu.tasks.TasksApplicationTests" tests="1" skipped="0" failures="0" errors="0" timestamp="2023-05-08T15:24:03" hostname="10-252-180-129.student.trincoll.edu" time="0.636">
  <properties/>
  <testcase name="contextLoads()" classname="edu.xu.tasks.TasksApplicationTests" time="0.636"/>
  <system-out><![CDATA[11:24:00.946 [Test worker] DEBUG org.springframework.boot.test.context.SpringBootTestContextBootstrapper -- Neither @ContextConfiguration nor @ContextHierarchy found for test class [TasksApplicationTests]: using SpringBootContextLoader
11:24:00.954 [Test worker] DEBUG org.springframework.test.context.support.AbstractContextLoader -- Could not detect default resource locations for test class [edu.xu.tasks.TasksApplicationTests]: no resource found for suffixes {-context.xml, Context.groovy}.
11:24:00.955 [Test worker] INFO org.springframework.test.context.support.AnnotationConfigContextLoaderUtils -- Could not detect default configuration classes for test class [edu.xu.tasks.TasksApplicationTests]: TasksApplicationTests does not declare any static, non-private, non-final, nested classes annotated with @Configuration.
11:24:01.020 [Test worker] DEBUG org.springframework.boot.test.context.SpringBootTestContextBootstrapper -- Using ContextCustomizers for test class [TasksApplicationTests]: [DisableObservabilityContextCustomizer, PropertyMappingContextCustomizer, Customizer, ExcludeFilterContextCustomizer, DuplicateJsonObjectContextCustomizer, MockitoContextCustomizer, TestRestTemplateContextCustomizer]
11:24:01.133 [Test worker] DEBUG org.springframework.context.annotation.ClassPathScanningCandidateComponentProvider -- Identified candidate component class: file [/Users/xinyixu/Documents/GitHub/cloud-todolist/tasks/build/classes/java/main/edu/xu/tasks/TasksApplication.class]
11:24:01.135 [Test worker] INFO org.springframework.boot.test.context.SpringBootTestContextBootstrapper -- Found @SpringBootConfiguration edu.xu.tasks.TasksApplication for test class edu.xu.tasks.TasksApplicationTests
11:24:01.242 [Test worker] DEBUG org.springframework.test.context.util.TestContextSpringFactoriesUtils -- Skipping candidate TestExecutionListener [org.springframework.test.context.transaction.TransactionalTestExecutionListener] due to a missing dependency. Specify custom TestExecutionListener classes or make the default TestExecutionListener classes and their required dependencies available. Offending class: [org/springframework/transaction/interceptor/TransactionAttributeSource]
11:24:01.244 [Test worker] DEBUG org.springframework.test.context.util.TestContextSpringFactoriesUtils -- Skipping candidate TestExecutionListener [org.springframework.test.context.jdbc.SqlScriptsTestExecutionListener] due to a missing dependency. Specify custom TestExecutionListener classes or make the default TestExecutionListener classes and their required dependencies available. Offending class: [org/springframework/transaction/interceptor/TransactionAttribute]
11:24:01.247 [Test worker] DEBUG org.springframework.boot.test.context.SpringBootTestContextBootstrapper -- Using TestExecutionListeners for test class [TasksApplicationTests]: [ServletTestExecutionListener, DirtiesContextBeforeModesTestExecutionListener, ApplicationEventsTestExecutionListener, MockitoTestExecutionListener, DependencyInjectionTestExecutionListener, DirtiesContextTestExecutionListener, EventPublishingTestExecutionListener, RestDocsTestExecutionListener, MockRestServiceServerResetTestExecutionListener, MockMvcPrintOnlyOnFailureTestExecutionListener, WebDriverTestExecutionListener, MockWebServiceServerTestExecutionListener, ResetMocksTestExecutionListener]
11:24:01.249 [Test worker] DEBUG org.springframework.test.context.support.AbstractDirtiesContextTestExecutionListener -- Before test class: class [TasksApplicationTests], class annotated with @DirtiesContext [false] with mode [null]

  .   ____          _            __ _ _
 /\\ / ___'_ __ _ _(_)_ __  __ _ \ \ \ \
( ( )\___ | '_ | '_| | '_ \/ _` | \ \ \ \
 \\/  ___)| |_)| | | | | || (_| |  ) ) ) )
  '  |____| .__|_| |_|_| |_\__, | / / / /
 =========|_|==============|___/=/_/_/_/
 :: Spring Boot ::                (v3.0.6)

2023-05-08T11:24:01.705-04:00  INFO 66029 --- [    Test worker] edu.xu.tasks.TasksApplicationTests       : Starting TasksApplicationTests using Java 19.0.2 with PID 66029 (started by xinyixu in /Users/xinyixu/Documents/GitHub/cloud-todolist/tasks)
2023-05-08T11:24:01.709-04:00  INFO 66029 --- [    Test worker] edu.xu.tasks.TasksApplicationTests       : No active profile set, falling back to 1 default profile: "default"
2023-05-08T11:24:03.311-04:00  INFO 66029 --- [    Test worker] edu.xu.tasks.TasksApplicationTests       : Started TasksApplicationTests in 2.0 seconds (process running for 3.874)
]]></system-out>
  <system-err><![CDATA[]]></system-err>
</testsuite>
