<?xml version="1.0" encoding="UTF-8"?>
<testsuite name="edu.xu.history.HistoryApplicationTests" tests="1" skipped="0" failures="0" errors="0" timestamp="2023-05-09T20:09:52" hostname="10-252-180-129.student.trincoll.edu" time="1.034">
  <properties/>
  <testcase name="contextLoads()" classname="edu.xu.history.HistoryApplicationTests" time="1.034"/>
  <system-out><![CDATA[16:09:48.305 [Test worker] DEBUG org.springframework.boot.test.context.SpringBootTestContextBootstrapper -- Neither @ContextConfiguration nor @ContextHierarchy found for test class [HistoryApplicationTests]: using SpringBootContextLoader
16:09:48.319 [Test worker] DEBUG org.springframework.test.context.support.AbstractContextLoader -- Could not detect default resource locations for test class [edu.xu.history.HistoryApplicationTests]: no resource found for suffixes {-context.xml, Context.groovy}.
16:09:48.321 [Test worker] INFO org.springframework.test.context.support.AnnotationConfigContextLoaderUtils -- Could not detect default configuration classes for test class [edu.xu.history.HistoryApplicationTests]: HistoryApplicationTests does not declare any static, non-private, non-final, nested classes annotated with @Configuration.
16:09:48.385 [Test worker] DEBUG org.springframework.boot.test.context.SpringBootTestContextBootstrapper -- Using ContextCustomizers for test class [HistoryApplicationTests]: [DisableObservabilityContextCustomizer, PropertyMappingContextCustomizer, Customizer, ExcludeFilterContextCustomizer, DuplicateJsonObjectContextCustomizer, MockitoContextCustomizer, TestRestTemplateContextCustomizer]
16:09:48.756 [Test worker] DEBUG org.springframework.context.annotation.ClassPathScanningCandidateComponentProvider -- Identified candidate component class: file [/Users/xinyixu/Documents/GitHub/cloud-todolist/history/build/classes/java/main/edu/xu/history/HistoryApplication.class]
16:09:48.761 [Test worker] INFO org.springframework.boot.test.context.SpringBootTestContextBootstrapper -- Found @SpringBootConfiguration edu.xu.history.HistoryApplication for test class edu.xu.history.HistoryApplicationTests
16:09:48.993 [Test worker] DEBUG org.springframework.test.context.util.TestContextSpringFactoriesUtils -- Skipping candidate TestExecutionListener [org.springframework.test.context.transaction.TransactionalTestExecutionListener] due to a missing dependency. Specify custom TestExecutionListener classes or make the default TestExecutionListener classes and their required dependencies available. Offending class: [org/springframework/transaction/interceptor/TransactionAttributeSource]
16:09:48.998 [Test worker] DEBUG org.springframework.test.context.util.TestContextSpringFactoriesUtils -- Skipping candidate TestExecutionListener [org.springframework.test.context.jdbc.SqlScriptsTestExecutionListener] due to a missing dependency. Specify custom TestExecutionListener classes or make the default TestExecutionListener classes and their required dependencies available. Offending class: [org/springframework/transaction/interceptor/TransactionAttribute]
16:09:49.003 [Test worker] DEBUG org.springframework.boot.test.context.SpringBootTestContextBootstrapper -- Using TestExecutionListeners for test class [HistoryApplicationTests]: [ServletTestExecutionListener, DirtiesContextBeforeModesTestExecutionListener, ApplicationEventsTestExecutionListener, MockitoTestExecutionListener, DependencyInjectionTestExecutionListener, DirtiesContextTestExecutionListener, EventPublishingTestExecutionListener, RestDocsTestExecutionListener, MockRestServiceServerResetTestExecutionListener, MockMvcPrintOnlyOnFailureTestExecutionListener, WebDriverTestExecutionListener, MockWebServiceServerTestExecutionListener, ResetMocksTestExecutionListener]
16:09:49.010 [Test worker] DEBUG org.springframework.test.context.support.AbstractDirtiesContextTestExecutionListener -- Before test class: class [HistoryApplicationTests], class annotated with @DirtiesContext [false] with mode [null]

  .   ____          _            __ _ _
 /\\ / ___'_ __ _ _(_)_ __  __ _ \ \ \ \
( ( )\___ | '_ | '_| | '_ \/ _` | \ \ \ \
 \\/  ___)| |_)| | | | | || (_| |  ) ) ) )
  '  |____| .__|_| |_|_| |_\__, | / / / /
 =========|_|==============|___/=/_/_/_/
 :: Spring Boot ::                (v3.0.6)

2023-05-09T16:09:49.967-04:00  INFO 4084 --- [    Test worker] edu.xu.history.HistoryApplicationTests   : Starting HistoryApplicationTests using Java 19.0.2 with PID 4084 (started by xinyixu in /Users/xinyixu/Documents/GitHub/cloud-todolist/history)
2023-05-09T16:09:49.970-04:00  INFO 4084 --- [    Test worker] edu.xu.history.HistoryApplicationTests   : No active profile set, falling back to 1 default profile: "default"
2023-05-09T16:09:52.608-04:00  INFO 4084 --- [    Test worker] edu.xu.history.HistoryApplicationTests   : Started HistoryApplicationTests in 3.49 seconds (process running for 6.964)
]]></system-out>
  <system-err><![CDATA[]]></system-err>
</testsuite>
