<?xml version="1.0" encoding="UTF-8"?>
<testsuite name="edu.xu.TodoList.TodoListApplicationTests" tests="1" skipped="0" failures="0" errors="0" timestamp="2023-04-27T17:56:35" hostname="10-252-180-129.student.trincoll.edu" time="0.398">
  <properties/>
  <testcase name="contextLoads()" classname="edu.xu.TodoList.TodoListApplicationTests" time="0.398"/>
  <system-out><![CDATA[13:56:32.999 [Test worker] DEBUG org.springframework.boot.test.context.SpringBootTestContextBootstrapper -- Neither @ContextConfiguration nor @ContextHierarchy found for test class [TodoListApplicationTests]: using SpringBootContextLoader
13:56:33.006 [Test worker] DEBUG org.springframework.test.context.support.AbstractContextLoader -- Could not detect default resource locations for test class [edu.xu.TodoList.TodoListApplicationTests]: no resource found for suffixes {-context.xml, Context.groovy}.
13:56:33.006 [Test worker] INFO org.springframework.test.context.support.AnnotationConfigContextLoaderUtils -- Could not detect default configuration classes for test class [edu.xu.TodoList.TodoListApplicationTests]: TodoListApplicationTests does not declare any static, non-private, non-final, nested classes annotated with @Configuration.
13:56:33.034 [Test worker] DEBUG org.springframework.boot.test.context.SpringBootTestContextBootstrapper -- Using ContextCustomizers for test class [TodoListApplicationTests]: [DisableObservabilityContextCustomizer, PropertyMappingContextCustomizer, Customizer, ExcludeFilterContextCustomizer, DuplicateJsonObjectContextCustomizer, MockitoContextCustomizer, TestRestTemplateContextCustomizer]
13:56:33.107 [Test worker] DEBUG org.springframework.context.annotation.ClassPathScanningCandidateComponentProvider -- Identified candidate component class: file [/Users/xinyixu/Desktop/TodoList/build/classes/java/main/edu/xu/TodoList/TodoListApplication.class]
13:56:33.109 [Test worker] INFO org.springframework.boot.test.context.SpringBootTestContextBootstrapper -- Found @SpringBootConfiguration edu.xu.TodoList.TodoListApplication for test class edu.xu.TodoList.TodoListApplicationTests
13:56:33.198 [Test worker] DEBUG org.springframework.test.context.util.TestContextSpringFactoriesUtils -- Skipping candidate TestExecutionListener [org.springframework.test.context.transaction.TransactionalTestExecutionListener] due to a missing dependency. Specify custom TestExecutionListener classes or make the default TestExecutionListener classes and their required dependencies available. Offending class: [org/springframework/transaction/interceptor/TransactionAttributeSource]
13:56:33.200 [Test worker] DEBUG org.springframework.test.context.util.TestContextSpringFactoriesUtils -- Skipping candidate TestExecutionListener [org.springframework.test.context.jdbc.SqlScriptsTestExecutionListener] due to a missing dependency. Specify custom TestExecutionListener classes or make the default TestExecutionListener classes and their required dependencies available. Offending class: [org/springframework/transaction/interceptor/TransactionAttribute]
13:56:33.202 [Test worker] DEBUG org.springframework.boot.test.context.SpringBootTestContextBootstrapper -- Using TestExecutionListeners for test class [TodoListApplicationTests]: [ServletTestExecutionListener, DirtiesContextBeforeModesTestExecutionListener, ApplicationEventsTestExecutionListener, MockitoTestExecutionListener, DependencyInjectionTestExecutionListener, DirtiesContextTestExecutionListener, EventPublishingTestExecutionListener, RestDocsTestExecutionListener, MockRestServiceServerResetTestExecutionListener, MockMvcPrintOnlyOnFailureTestExecutionListener, WebDriverTestExecutionListener, MockWebServiceServerTestExecutionListener, ResetMocksTestExecutionListener]
13:56:33.203 [Test worker] DEBUG org.springframework.test.context.support.AbstractDirtiesContextTestExecutionListener -- Before test class: class [TodoListApplicationTests], class annotated with @DirtiesContext [false] with mode [null]

  .   ____          _            __ _ _
 /\\ / ___'_ __ _ _(_)_ __  __ _ \ \ \ \
( ( )\___ | '_ | '_| | '_ \/ _` | \ \ \ \
 \\/  ___)| |_)| | | | | || (_| |  ) ) ) )
  '  |____| .__|_| |_|_| |_\__, | / / / /
 =========|_|==============|___/=/_/_/_/
 :: Spring Boot ::                (v3.0.6)

2023-04-27T13:56:33.749-04:00  INFO 35665 --- [    Test worker] e.xu.TodoList.TodoListApplicationTests   : Starting TodoListApplicationTests using Java 19.0.2 with PID 35665 (started by xinyixu in /Users/xinyixu/Desktop/TodoList)
2023-04-27T13:56:33.752-04:00  INFO 35665 --- [    Test worker] e.xu.TodoList.TodoListApplicationTests   : No active profile set, falling back to 1 default profile: "default"
2023-04-27T13:56:35.052-04:00  INFO 35665 --- [    Test worker] e.xu.TodoList.TodoListApplicationTests   : Started TodoListApplicationTests in 1.8 seconds (process running for 3.044)
]]></system-out>
  <system-err><![CDATA[]]></system-err>
</testsuite>
