<?xml version="1.0" encoding="UTF-8"?>
<testsuite name="edu.xu.userInfo.UserInfoApplicationTests" tests="1" skipped="0" failures="0" errors="0" timestamp="2023-05-01T04:46:42" hostname="10-252-180-129.student.trincoll.edu" time="0.634">
  <properties/>
  <testcase name="contextLoads()" classname="edu.xu.userInfo.UserInfoApplicationTests" time="0.634"/>
  <system-out><![CDATA[00:46:40.359 [Test worker] DEBUG org.springframework.boot.test.context.SpringBootTestContextBootstrapper -- Neither @ContextConfiguration nor @ContextHierarchy found for test class [UserInfoApplicationTests]: using SpringBootContextLoader
00:46:40.366 [Test worker] DEBUG org.springframework.test.context.support.AbstractContextLoader -- Could not detect default resource locations for test class [edu.xu.userInfo.UserInfoApplicationTests]: no resource found for suffixes {-context.xml, Context.groovy}.
00:46:40.367 [Test worker] INFO org.springframework.test.context.support.AnnotationConfigContextLoaderUtils -- Could not detect default configuration classes for test class [edu.xu.userInfo.UserInfoApplicationTests]: UserInfoApplicationTests does not declare any static, non-private, non-final, nested classes annotated with @Configuration.
00:46:40.404 [Test worker] DEBUG org.springframework.boot.test.context.SpringBootTestContextBootstrapper -- Using ContextCustomizers for test class [UserInfoApplicationTests]: [DisableObservabilityContextCustomizer, PropertyMappingContextCustomizer, Customizer, ExcludeFilterContextCustomizer, DuplicateJsonObjectContextCustomizer, MockitoContextCustomizer, TestRestTemplateContextCustomizer]
00:46:40.504 [Test worker] DEBUG org.springframework.context.annotation.ClassPathScanningCandidateComponentProvider -- Identified candidate component class: file [/Users/xinyixu/Desktop/userInfo/build/classes/java/main/edu/xu/userInfo/UserInfoApplication.class]
00:46:40.506 [Test worker] INFO org.springframework.boot.test.context.SpringBootTestContextBootstrapper -- Found @SpringBootConfiguration edu.xu.userInfo.UserInfoApplication for test class edu.xu.userInfo.UserInfoApplicationTests
00:46:40.625 [Test worker] DEBUG org.springframework.test.context.util.TestContextSpringFactoriesUtils -- Skipping candidate TestExecutionListener [org.springframework.test.context.transaction.TransactionalTestExecutionListener] due to a missing dependency. Specify custom TestExecutionListener classes or make the default TestExecutionListener classes and their required dependencies available. Offending class: [org/springframework/transaction/interceptor/TransactionAttributeSource]
00:46:40.627 [Test worker] DEBUG org.springframework.test.context.util.TestContextSpringFactoriesUtils -- Skipping candidate TestExecutionListener [org.springframework.test.context.jdbc.SqlScriptsTestExecutionListener] due to a missing dependency. Specify custom TestExecutionListener classes or make the default TestExecutionListener classes and their required dependencies available. Offending class: [org/springframework/transaction/interceptor/TransactionAttribute]
00:46:40.631 [Test worker] DEBUG org.springframework.boot.test.context.SpringBootTestContextBootstrapper -- Using TestExecutionListeners for test class [UserInfoApplicationTests]: [ServletTestExecutionListener, DirtiesContextBeforeModesTestExecutionListener, ApplicationEventsTestExecutionListener, MockitoTestExecutionListener, DependencyInjectionTestExecutionListener, DirtiesContextTestExecutionListener, EventPublishingTestExecutionListener, RestDocsTestExecutionListener, MockRestServiceServerResetTestExecutionListener, MockMvcPrintOnlyOnFailureTestExecutionListener, WebDriverTestExecutionListener, MockWebServiceServerTestExecutionListener, ResetMocksTestExecutionListener]
00:46:40.633 [Test worker] DEBUG org.springframework.test.context.support.AbstractDirtiesContextTestExecutionListener -- Before test class: class [UserInfoApplicationTests], class annotated with @DirtiesContext [false] with mode [null]

  .   ____          _            __ _ _
 /\\ / ___'_ __ _ _(_)_ __  __ _ \ \ \ \
( ( )\___ | '_ | '_| | '_ \/ _` | \ \ \ \
 \\/  ___)| |_)| | | | | || (_| |  ) ) ) )
  '  |____| .__|_| |_|_| |_\__, | / / / /
 =========|_|==============|___/=/_/_/_/
 :: Spring Boot ::                (v3.0.6)

2023-05-01T00:46:41.057-04:00  INFO 1395 --- [    Test worker] e.xu.userInfo.UserInfoApplicationTests   : Starting UserInfoApplicationTests using Java 19.0.2 with PID 1395 (started by xinyixu in /Users/xinyixu/Desktop/userInfo)
2023-05-01T00:46:41.060-04:00  INFO 1395 --- [    Test worker] e.xu.userInfo.UserInfoApplicationTests   : No active profile set, falling back to 1 default profile: "default"
2023-05-01T00:46:42.654-04:00  INFO 1395 --- [    Test worker] e.xu.userInfo.UserInfoApplicationTests   : Started UserInfoApplicationTests in 1.954 seconds (process running for 3.457)
]]></system-out>
  <system-err><![CDATA[]]></system-err>
</testsuite>
